{"uid":"a3b5bf3d447c7025","name":"test_decorator_steps","fullName":"tests.test_steps#test_decorator_steps","historyId":"fd62217c3385a97c3b02a331591880c0","time":{"start":1697455004632,"stop":1697455005626,"duration":994},"status":"broken","statusMessage":"selenium.common.exceptions.SessionNotCreatedException: Message: session not created: This version of ChromeDriver only supports Chrome version 118\nCurrent browser version is 117.0.5938.132 with binary path /opt/google/chrome/chrome\nStacktrace:\n#0 0x560c8994cfb3 <unknown>\n#1 0x560c896204a7 <unknown>\n#2 0x560c8965895b <unknown>\n#3 0x560c89657c1a <unknown>\n#4 0x560c89652acf <unknown>\n#5 0x560c8965010c <unknown>\n#6 0x560c89692ac6 <unknown>\n#7 0x560c89689713 <unknown>\n#8 0x560c8965c18b <unknown>\n#9 0x560c8965cf7e <unknown>\n#10 0x560c899128d8 <unknown>\n#11 0x560c89916800 <unknown>\n#12 0x560c89920cfc <unknown>\n#13 0x560c89917418 <unknown>\n#14 0x560c898e442f <unknown>\n#15 0x560c8993b4e8 <unknown>\n#16 0x560c8993b6b4 <unknown>\n#17 0x560c8994c143 <unknown>\n#18 0x7f0b97094b43 <unknown>","statusTrace":"browser_management = None\n\n    def test_decorator_steps(browser_management):\n>       open_main_page()\n\ntests/test_steps.py:27: \n_ _ _ _ _ _ _ _ _ _ _ _ _ _ _ _ _ _ _ _ _ _ _ _ _ _ _ _ _ _ _ _ _ _ _ _ _ _ _ _ \ntests/test_steps.py:36: in open_main_page\n    browser.open('/')\n/opt/hostedtoolcache/Python/3.11.5/x64/lib/python3.11/site-packages/selene/core/entity.py:1155: in open\n    self.config._executor.get_url(relative_or_absolute_url)\n/opt/hostedtoolcache/Python/3.11.5/x64/lib/python3.11/site-packages/selene/core/configuration.py:301: in get_url\n    self.config._driver_get_url_strategy(self.config)(url)\n/opt/hostedtoolcache/Python/3.11.5/x64/lib/python3.11/site-packages/selene/core/configuration.py:216: in get\n    driver = config.driver\n/opt/hostedtoolcache/Python/3.11.5/x64/lib/python3.11/site-packages/selene/core/configuration.py:343: in __get__\n    driver = config.build_driver_strategy(config)\n/opt/hostedtoolcache/Python/3.11.5/x64/lib/python3.11/site-packages/selene/core/configuration.py:171: in _build_local_driver_by_name_or_remote_by_url_and_options\n    return {  # type: ignore\n/opt/hostedtoolcache/Python/3.11.5/x64/lib/python3.11/site-packages/selene/core/configuration.py:93: in install_and_build_chrome\n    return Chrome(\n/opt/hostedtoolcache/Python/3.11.5/x64/lib/python3.11/site-packages/selenium/webdriver/chrome/webdriver.py:45: in __init__\n    super().__init__(\n/opt/hostedtoolcache/Python/3.11.5/x64/lib/python3.11/site-packages/selenium/webdriver/chromium/webdriver.py:56: in __init__\n    super().__init__(\n/opt/hostedtoolcache/Python/3.11.5/x64/lib/python3.11/site-packages/selenium/webdriver/remote/webdriver.py:205: in __init__\n    self.start_session(capabilities)\n/opt/hostedtoolcache/Python/3.11.5/x64/lib/python3.11/site-packages/selenium/webdriver/remote/webdriver.py:289: in start_session\n    response = self.execute(Command.NEW_SESSION, caps)[\"value\"]\n/opt/hostedtoolcache/Python/3.11.5/x64/lib/python3.11/site-packages/selenium/webdriver/remote/webdriver.py:344: in execute\n    self.error_handler.check_response(response)\n_ _ _ _ _ _ _ _ _ _ _ _ _ _ _ _ _ _ _ _ _ _ _ _ _ _ _ _ _ _ _ _ _ _ _ _ _ _ _ _ \n\nself = <selenium.webdriver.remote.errorhandler.ErrorHandler object at 0x7f3ff5304650>\nresponse = {'status': 500, 'value': '{\"value\":{\"error\":\"session not created\",\"message\":\"session not created: This version of Chro...\\\\n#16 0x560c8993b6b4 \\\\u003Cunknown>\\\\n#17 0x560c8994c143 \\\\u003Cunknown>\\\\n#18 0x7f0b97094b43 \\\\u003Cunknown>\\\\n\"}}'}\n\n    def check_response(self, response: Dict[str, Any]) -> None:\n        \"\"\"Checks that a JSON response from the WebDriver does not have an\n        error.\n    \n        :Args:\n         - response - The JSON response from the WebDriver server as a dictionary\n           object.\n    \n        :Raises: If the response contains an error message.\n        \"\"\"\n        status = response.get(\"status\", None)\n        if not status or status == ErrorCode.SUCCESS:\n            return\n        value = None\n        message = response.get(\"message\", \"\")\n        screen: str = response.get(\"screen\", \"\")\n        stacktrace = None\n        if isinstance(status, int):\n            value_json = response.get(\"value\", None)\n            if value_json and isinstance(value_json, str):\n                import json\n    \n                try:\n                    value = json.loads(value_json)\n                    if len(value) == 1:\n                        value = value[\"value\"]\n                    status = value.get(\"error\", None)\n                    if not status:\n                        status = value.get(\"status\", ErrorCode.UNKNOWN_ERROR)\n                        message = value.get(\"value\") or value.get(\"message\")\n                        if not isinstance(message, str):\n                            value = message\n                            message = message.get(\"message\")\n                    else:\n                        message = value.get(\"message\", None)\n                except ValueError:\n                    pass\n    \n        exception_class: Type[WebDriverException]\n        e = ErrorCode()\n        error_codes = [item for item in dir(e) if not item.startswith(\"__\")]\n        for error_code in error_codes:\n            error_info = getattr(ErrorCode, error_code)\n            if isinstance(error_info, list) and status in error_info:\n                exception_class = getattr(ExceptionMapping, error_code, WebDriverException)\n                break\n        else:\n            exception_class = WebDriverException\n    \n        if not value:\n            value = response[\"value\"]\n        if isinstance(value, str):\n            raise exception_class(value)\n        if message == \"\" and \"message\" in value:\n            message = value[\"message\"]\n    \n        screen = None  # type: ignore[assignment]\n        if \"screen\" in value:\n            screen = value[\"screen\"]\n    \n        stacktrace = None\n        st_value = value.get(\"stackTrace\") or value.get(\"stacktrace\")\n        if st_value:\n            if isinstance(st_value, str):\n                stacktrace = st_value.split(\"\\n\")\n            else:\n                stacktrace = []\n                try:\n                    for frame in st_value:\n                        line = frame.get(\"lineNumber\", \"\")\n                        file = frame.get(\"fileName\", \"<anonymous>\")\n                        if line:\n                            file = f\"{file}:{line}\"\n                        meth = frame.get(\"methodName\", \"<anonymous>\")\n                        if \"className\" in frame:\n                            meth = f\"{frame['className']}.{meth}\"\n                        msg = \"    at %s (%s)\"\n                        msg = msg % (meth, file)\n                        stacktrace.append(msg)\n                except TypeError:\n                    pass\n        if exception_class == UnexpectedAlertPresentException:\n            alert_text = None\n            if \"data\" in value:\n                alert_text = value[\"data\"].get(\"text\")\n            elif \"alert\" in value:\n                alert_text = value[\"alert\"].get(\"text\")\n            raise exception_class(message, screen, stacktrace, alert_text)  # type: ignore[call-arg]  # mypy is not smart enough here\n>       raise exception_class(message, screen, stacktrace)\nE       selenium.common.exceptions.SessionNotCreatedException: Message: session not created: This version of ChromeDriver only supports Chrome version 118\nE       Current browser version is 117.0.5938.132 with binary path /opt/google/chrome/chrome\nE       Stacktrace:\nE       #0 0x560c8994cfb3 <unknown>\nE       #1 0x560c896204a7 <unknown>\nE       #2 0x560c8965895b <unknown>\nE       #3 0x560c89657c1a <unknown>\nE       #4 0x560c89652acf <unknown>\nE       #5 0x560c8965010c <unknown>\nE       #6 0x560c89692ac6 <unknown>\nE       #7 0x560c89689713 <unknown>\nE       #8 0x560c8965c18b <unknown>\nE       #9 0x560c8965cf7e <unknown>\nE       #10 0x560c899128d8 <unknown>\nE       #11 0x560c89916800 <unknown>\nE       #12 0x560c89920cfc <unknown>\nE       #13 0x560c89917418 <unknown>\nE       #14 0x560c898e442f <unknown>\nE       #15 0x560c8993b4e8 <unknown>\nE       #16 0x560c8993b6b4 <unknown>\nE       #17 0x560c8994c143 <unknown>\nE       #18 0x7f0b97094b43 <unknown>\n\n/opt/hostedtoolcache/Python/3.11.5/x64/lib/python3.11/site-packages/selenium/webdriver/remote/errorhandler.py:229: SessionNotCreatedException","flaky":false,"newFailed":false,"newBroken":false,"newPassed":false,"retriesCount":0,"retriesStatusChange":false,"beforeStages":[{"name":"browser_management","time":{"start":1697455004631,"stop":1697455004631,"duration":0},"status":"passed","steps":[],"attachments":[],"parameters":[],"shouldDisplayMessage":false,"stepsCount":0,"attachmentsCount":0,"hasContent":false}],"testStage":{"status":"broken","statusMessage":"selenium.common.exceptions.SessionNotCreatedException: Message: session not created: This version of ChromeDriver only supports Chrome version 118\nCurrent browser version is 117.0.5938.132 with binary path /opt/google/chrome/chrome\nStacktrace:\n#0 0x560c8994cfb3 <unknown>\n#1 0x560c896204a7 <unknown>\n#2 0x560c8965895b <unknown>\n#3 0x560c89657c1a <unknown>\n#4 0x560c89652acf <unknown>\n#5 0x560c8965010c <unknown>\n#6 0x560c89692ac6 <unknown>\n#7 0x560c89689713 <unknown>\n#8 0x560c8965c18b <unknown>\n#9 0x560c8965cf7e <unknown>\n#10 0x560c899128d8 <unknown>\n#11 0x560c89916800 <unknown>\n#12 0x560c89920cfc <unknown>\n#13 0x560c89917418 <unknown>\n#14 0x560c898e442f <unknown>\n#15 0x560c8993b4e8 <unknown>\n#16 0x560c8993b6b4 <unknown>\n#17 0x560c8994c143 <unknown>\n#18 0x7f0b97094b43 <unknown>","statusTrace":"browser_management = None\n\n    def test_decorator_steps(browser_management):\n>       open_main_page()\n\ntests/test_steps.py:27: \n_ _ _ _ _ _ _ _ _ _ _ _ _ _ _ _ _ _ _ _ _ _ _ _ _ _ _ _ _ _ _ _ _ _ _ _ _ _ _ _ \ntests/test_steps.py:36: in open_main_page\n    browser.open('/')\n/opt/hostedtoolcache/Python/3.11.5/x64/lib/python3.11/site-packages/selene/core/entity.py:1155: in open\n    self.config._executor.get_url(relative_or_absolute_url)\n/opt/hostedtoolcache/Python/3.11.5/x64/lib/python3.11/site-packages/selene/core/configuration.py:301: in get_url\n    self.config._driver_get_url_strategy(self.config)(url)\n/opt/hostedtoolcache/Python/3.11.5/x64/lib/python3.11/site-packages/selene/core/configuration.py:216: in get\n    driver = config.driver\n/opt/hostedtoolcache/Python/3.11.5/x64/lib/python3.11/site-packages/selene/core/configuration.py:343: in __get__\n    driver = config.build_driver_strategy(config)\n/opt/hostedtoolcache/Python/3.11.5/x64/lib/python3.11/site-packages/selene/core/configuration.py:171: in _build_local_driver_by_name_or_remote_by_url_and_options\n    return {  # type: ignore\n/opt/hostedtoolcache/Python/3.11.5/x64/lib/python3.11/site-packages/selene/core/configuration.py:93: in install_and_build_chrome\n    return Chrome(\n/opt/hostedtoolcache/Python/3.11.5/x64/lib/python3.11/site-packages/selenium/webdriver/chrome/webdriver.py:45: in __init__\n    super().__init__(\n/opt/hostedtoolcache/Python/3.11.5/x64/lib/python3.11/site-packages/selenium/webdriver/chromium/webdriver.py:56: in __init__\n    super().__init__(\n/opt/hostedtoolcache/Python/3.11.5/x64/lib/python3.11/site-packages/selenium/webdriver/remote/webdriver.py:205: in __init__\n    self.start_session(capabilities)\n/opt/hostedtoolcache/Python/3.11.5/x64/lib/python3.11/site-packages/selenium/webdriver/remote/webdriver.py:289: in start_session\n    response = self.execute(Command.NEW_SESSION, caps)[\"value\"]\n/opt/hostedtoolcache/Python/3.11.5/x64/lib/python3.11/site-packages/selenium/webdriver/remote/webdriver.py:344: in execute\n    self.error_handler.check_response(response)\n_ _ _ _ _ _ _ _ _ _ _ _ _ _ _ _ _ _ _ _ _ _ _ _ _ _ _ _ _ _ _ _ _ _ _ _ _ _ _ _ \n\nself = <selenium.webdriver.remote.errorhandler.ErrorHandler object at 0x7f3ff5304650>\nresponse = {'status': 500, 'value': '{\"value\":{\"error\":\"session not created\",\"message\":\"session not created: This version of Chro...\\\\n#16 0x560c8993b6b4 \\\\u003Cunknown>\\\\n#17 0x560c8994c143 \\\\u003Cunknown>\\\\n#18 0x7f0b97094b43 \\\\u003Cunknown>\\\\n\"}}'}\n\n    def check_response(self, response: Dict[str, Any]) -> None:\n        \"\"\"Checks that a JSON response from the WebDriver does not have an\n        error.\n    \n        :Args:\n         - response - The JSON response from the WebDriver server as a dictionary\n           object.\n    \n        :Raises: If the response contains an error message.\n        \"\"\"\n        status = response.get(\"status\", None)\n        if not status or status == ErrorCode.SUCCESS:\n            return\n        value = None\n        message = response.get(\"message\", \"\")\n        screen: str = response.get(\"screen\", \"\")\n        stacktrace = None\n        if isinstance(status, int):\n            value_json = response.get(\"value\", None)\n            if value_json and isinstance(value_json, str):\n                import json\n    \n                try:\n                    value = json.loads(value_json)\n                    if len(value) == 1:\n                        value = value[\"value\"]\n                    status = value.get(\"error\", None)\n                    if not status:\n                        status = value.get(\"status\", ErrorCode.UNKNOWN_ERROR)\n                        message = value.get(\"value\") or value.get(\"message\")\n                        if not isinstance(message, str):\n                            value = message\n                            message = message.get(\"message\")\n                    else:\n                        message = value.get(\"message\", None)\n                except ValueError:\n                    pass\n    \n        exception_class: Type[WebDriverException]\n        e = ErrorCode()\n        error_codes = [item for item in dir(e) if not item.startswith(\"__\")]\n        for error_code in error_codes:\n            error_info = getattr(ErrorCode, error_code)\n            if isinstance(error_info, list) and status in error_info:\n                exception_class = getattr(ExceptionMapping, error_code, WebDriverException)\n                break\n        else:\n            exception_class = WebDriverException\n    \n        if not value:\n            value = response[\"value\"]\n        if isinstance(value, str):\n            raise exception_class(value)\n        if message == \"\" and \"message\" in value:\n            message = value[\"message\"]\n    \n        screen = None  # type: ignore[assignment]\n        if \"screen\" in value:\n            screen = value[\"screen\"]\n    \n        stacktrace = None\n        st_value = value.get(\"stackTrace\") or value.get(\"stacktrace\")\n        if st_value:\n            if isinstance(st_value, str):\n                stacktrace = st_value.split(\"\\n\")\n            else:\n                stacktrace = []\n                try:\n                    for frame in st_value:\n                        line = frame.get(\"lineNumber\", \"\")\n                        file = frame.get(\"fileName\", \"<anonymous>\")\n                        if line:\n                            file = f\"{file}:{line}\"\n                        meth = frame.get(\"methodName\", \"<anonymous>\")\n                        if \"className\" in frame:\n                            meth = f\"{frame['className']}.{meth}\"\n                        msg = \"    at %s (%s)\"\n                        msg = msg % (meth, file)\n                        stacktrace.append(msg)\n                except TypeError:\n                    pass\n        if exception_class == UnexpectedAlertPresentException:\n            alert_text = None\n            if \"data\" in value:\n                alert_text = value[\"data\"].get(\"text\")\n            elif \"alert\" in value:\n                alert_text = value[\"alert\"].get(\"text\")\n            raise exception_class(message, screen, stacktrace, alert_text)  # type: ignore[call-arg]  # mypy is not smart enough here\n>       raise exception_class(message, screen, stacktrace)\nE       selenium.common.exceptions.SessionNotCreatedException: Message: session not created: This version of ChromeDriver only supports Chrome version 118\nE       Current browser version is 117.0.5938.132 with binary path /opt/google/chrome/chrome\nE       Stacktrace:\nE       #0 0x560c8994cfb3 <unknown>\nE       #1 0x560c896204a7 <unknown>\nE       #2 0x560c8965895b <unknown>\nE       #3 0x560c89657c1a <unknown>\nE       #4 0x560c89652acf <unknown>\nE       #5 0x560c8965010c <unknown>\nE       #6 0x560c89692ac6 <unknown>\nE       #7 0x560c89689713 <unknown>\nE       #8 0x560c8965c18b <unknown>\nE       #9 0x560c8965cf7e <unknown>\nE       #10 0x560c899128d8 <unknown>\nE       #11 0x560c89916800 <unknown>\nE       #12 0x560c89920cfc <unknown>\nE       #13 0x560c89917418 <unknown>\nE       #14 0x560c898e442f <unknown>\nE       #15 0x560c8993b4e8 <unknown>\nE       #16 0x560c8993b6b4 <unknown>\nE       #17 0x560c8994c143 <unknown>\nE       #18 0x7f0b97094b43 <unknown>\n\n/opt/hostedtoolcache/Python/3.11.5/x64/lib/python3.11/site-packages/selenium/webdriver/remote/errorhandler.py:229: SessionNotCreatedException","steps":[{"name":"Open main page","time":{"start":1697455004632,"stop":1697455005625,"duration":993},"status":"broken","statusMessage":"selenium.common.exceptions.SessionNotCreatedException: Message: session not created: This version of ChromeDriver only supports Chrome version 118\nCurrent browser version is 117.0.5938.132 with binary path /opt/google/chrome/chrome\nStacktrace:\n#0 0x560c8994cfb3 <unknown>\n#1 0x560c896204a7 <unknown>\n#2 0x560c8965895b <unknown>\n#3 0x560c89657c1a <unknown>\n#4 0x560c89652acf <unknown>\n#5 0x560c8965010c <unknown>\n#6 0x560c89692ac6 <unknown>\n#7 0x560c89689713 <unknown>\n#8 0x560c8965c18b <unknown>\n#9 0x560c8965cf7e <unknown>\n#10 0x560c899128d8 <unknown>\n#11 0x560c89916800 <unknown>\n#12 0x560c89920cfc <unknown>\n#13 0x560c89917418 <unknown>\n#14 0x560c898e442f <unknown>\n#15 0x560c8993b4e8 <unknown>\n#16 0x560c8993b6b4 <unknown>\n#17 0x560c8994c143 <unknown>\n#18 0x7f0b97094b43 <unknown>\n\n","statusTrace":"  File \"/opt/hostedtoolcache/Python/3.11.5/x64/lib/python3.11/site-packages/allure_commons/_allure.py\", line 192, in impl\n    return func(*a, **kw)\n           ^^^^^^^^^^^^^^\n  File \"/home/runner/work/qa_guru_python_7/qa_guru_python_7/tests/test_steps.py\", line 36, in open_main_page\n    browser.open('/')\n  File \"/opt/hostedtoolcache/Python/3.11.5/x64/lib/python3.11/site-packages/selene/core/entity.py\", line 1155, in open\n    self.config._executor.get_url(relative_or_absolute_url)\n  File \"/opt/hostedtoolcache/Python/3.11.5/x64/lib/python3.11/site-packages/selene/core/configuration.py\", line 301, in get_url\n    self.config._driver_get_url_strategy(self.config)(url)\n  File \"/opt/hostedtoolcache/Python/3.11.5/x64/lib/python3.11/site-packages/selene/core/configuration.py\", line 216, in get\n    driver = config.driver\n             ^^^^^^^^^^^^^\n  File \"/opt/hostedtoolcache/Python/3.11.5/x64/lib/python3.11/site-packages/selene/core/configuration.py\", line 343, in __get__\n    driver = config.build_driver_strategy(config)\n             ^^^^^^^^^^^^^^^^^^^^^^^^^^^^^^^^^^^^\n  File \"/opt/hostedtoolcache/Python/3.11.5/x64/lib/python3.11/site-packages/selene/core/configuration.py\", line 171, in _build_local_driver_by_name_or_remote_by_url_and_options\n    return {  # type: ignore\n           ^^^^^^^^^^^^^^^^^\n  File \"/opt/hostedtoolcache/Python/3.11.5/x64/lib/python3.11/site-packages/selene/core/configuration.py\", line 93, in install_and_build_chrome\n    return Chrome(\n           ^^^^^^^\n  File \"/opt/hostedtoolcache/Python/3.11.5/x64/lib/python3.11/site-packages/selenium/webdriver/chrome/webdriver.py\", line 45, in __init__\n    super().__init__(\n  File \"/opt/hostedtoolcache/Python/3.11.5/x64/lib/python3.11/site-packages/selenium/webdriver/chromium/webdriver.py\", line 56, in __init__\n    super().__init__(\n  File \"/opt/hostedtoolcache/Python/3.11.5/x64/lib/python3.11/site-packages/selenium/webdriver/remote/webdriver.py\", line 205, in __init__\n    self.start_session(capabilities)\n  File \"/opt/hostedtoolcache/Python/3.11.5/x64/lib/python3.11/site-packages/selenium/webdriver/remote/webdriver.py\", line 289, in start_session\n    response = self.execute(Command.NEW_SESSION, caps)[\"value\"]\n               ^^^^^^^^^^^^^^^^^^^^^^^^^^^^^^^^^^^^^^^\n  File \"/opt/hostedtoolcache/Python/3.11.5/x64/lib/python3.11/site-packages/selenium/webdriver/remote/webdriver.py\", line 344, in execute\n    self.error_handler.check_response(response)\n  File \"/opt/hostedtoolcache/Python/3.11.5/x64/lib/python3.11/site-packages/selenium/webdriver/remote/errorhandler.py\", line 229, in check_response\n    raise exception_class(message, screen, stacktrace)\n","steps":[],"attachments":[],"parameters":[],"shouldDisplayMessage":true,"stepsCount":0,"attachmentsCount":0,"hasContent":true}],"attachments":[{"uid":"be6fbdee7a618c18","name":"stderr","source":"be6fbdee7a618c18.txt","type":"text/plain","size":516}],"parameters":[],"shouldDisplayMessage":true,"stepsCount":1,"attachmentsCount":1,"hasContent":true},"afterStages":[{"name":"browser_management::0","time":{"start":1697455005694,"stop":1697455006666,"duration":972},"status":"broken","statusMessage":"selenium.common.exceptions.SessionNotCreatedException: Message: session not created: This version of ChromeDriver only supports Chrome version 118\nCurrent browser version is 117.0.5938.132 with binary path /opt/google/chrome/chrome\nStacktrace:\n#0 0x5641440adfb3 <unknown>\n#1 0x564143d814a7 <unknown>\n#2 0x564143db995b <unknown>\n#3 0x564143db8c1a <unknown>\n#4 0x564143db3acf <unknown>\n#5 0x564143db110c <unknown>\n#6 0x564143df3ac6 <unknown>\n#7 0x564143dea713 <unknown>\n#8 0x564143dbd18b <unknown>\n#9 0x564143dbdf7e <unknown>\n#10 0x5641440738d8 <unknown>\n#11 0x564144077800 <unknown>\n#12 0x564144081cfc <unknown>\n#13 0x564144078418 <unknown>\n#14 0x56414404542f <unknown>\n#15 0x56414409c4e8 <unknown>\n#16 0x56414409c6b4 <unknown>\n#17 0x5641440ad143 <unknown>\n#18 0x7fd327a94b43 <unknown>\n\n","statusTrace":"  File \"/opt/hostedtoolcache/Python/3.11.5/x64/lib/python3.11/site-packages/allure_commons/_allure.py\", line 221, in __call__\n    return self._fixture_function(*args, **kwargs)\n           ^^^^^^^^^^^^^^^^^^^^^^^^^^^^^^^^^^^^^^^\n  File \"/opt/hostedtoolcache/Python/3.11.5/x64/lib/python3.11/site-packages/_pytest/fixtures.py\", line 911, in _teardown_yield_fixture\n    next(it)\n  File \"/home/runner/work/qa_guru_python_7/qa_guru_python_7/tests/conftest.py\", line 23, in browser_management\n    browser.quit()\n  File \"/opt/hostedtoolcache/Python/3.11.5/x64/lib/python3.11/site-packages/selene/core/entity.py\", line 1205, in quit\n    self.driver.quit()\n    ^^^^^^^^^^^\n  File \"/opt/hostedtoolcache/Python/3.11.5/x64/lib/python3.11/site-packages/selene/core/entity.py\", line 1100, in driver\n    return self.config.driver\n           ^^^^^^^^^^^^^^^^^^\n  File \"/opt/hostedtoolcache/Python/3.11.5/x64/lib/python3.11/site-packages/selene/core/configuration.py\", line 343, in __get__\n    driver = config.build_driver_strategy(config)\n             ^^^^^^^^^^^^^^^^^^^^^^^^^^^^^^^^^^^^\n  File \"/opt/hostedtoolcache/Python/3.11.5/x64/lib/python3.11/site-packages/selene/core/configuration.py\", line 171, in _build_local_driver_by_name_or_remote_by_url_and_options\n    return {  # type: ignore\n           ^^^^^^^^^^^^^^^^^\n  File \"/opt/hostedtoolcache/Python/3.11.5/x64/lib/python3.11/site-packages/selene/core/configuration.py\", line 93, in install_and_build_chrome\n    return Chrome(\n           ^^^^^^^\n  File \"/opt/hostedtoolcache/Python/3.11.5/x64/lib/python3.11/site-packages/selenium/webdriver/chrome/webdriver.py\", line 45, in __init__\n    super().__init__(\n  File \"/opt/hostedtoolcache/Python/3.11.5/x64/lib/python3.11/site-packages/selenium/webdriver/chromium/webdriver.py\", line 56, in __init__\n    super().__init__(\n  File \"/opt/hostedtoolcache/Python/3.11.5/x64/lib/python3.11/site-packages/selenium/webdriver/remote/webdriver.py\", line 205, in __init__\n    self.start_session(capabilities)\n  File \"/opt/hostedtoolcache/Python/3.11.5/x64/lib/python3.11/site-packages/selenium/webdriver/remote/webdriver.py\", line 289, in start_session\n    response = self.execute(Command.NEW_SESSION, caps)[\"value\"]\n               ^^^^^^^^^^^^^^^^^^^^^^^^^^^^^^^^^^^^^^^\n  File \"/opt/hostedtoolcache/Python/3.11.5/x64/lib/python3.11/site-packages/selenium/webdriver/remote/webdriver.py\", line 344, in execute\n    self.error_handler.check_response(response)\n  File \"/opt/hostedtoolcache/Python/3.11.5/x64/lib/python3.11/site-packages/selenium/webdriver/remote/errorhandler.py\", line 229, in check_response\n    raise exception_class(message, screen, stacktrace)\n","steps":[],"attachments":[],"parameters":[],"shouldDisplayMessage":true,"stepsCount":0,"attachmentsCount":0,"hasContent":true}],"labels":[{"name":"parentSuite","value":"tests"},{"name":"suite","value":"test_steps"},{"name":"host","value":"fv-az244-344"},{"name":"thread","value":"2246-MainThread"},{"name":"framework","value":"pytest"},{"name":"language","value":"cpython3"},{"name":"package","value":"tests.test_steps"},{"name":"resultFormat","value":"allure2"}],"parameters":[],"links":[],"hidden":false,"retry":false,"extra":{"severity":"normal","retries":[],"categories":[{"name":"Test defects","matchedStatuses":[],"flaky":false}],"history":{"statistic":{"failed":0,"broken":4,"skipped":0,"passed":2,"unknown":0,"total":6},"items":[{"uid":"ad1694c5a2e53a40","reportUrl":"https://vapolonov.github.io/qa_guru_python_7/10//#testresult/ad1694c5a2e53a40","status":"broken","statusDetails":"ImportError: cannot import name 'ChromeType' from 'webdriver_manager.core.utils' (/opt/hostedtoolcache/Python/3.11.5/x64/lib/python3.11/site-packages/webdriver_manager/core/utils.py)","time":{"start":1697444620176,"stop":1697444620177,"duration":1}},{"uid":"46dadeed10391f73","reportUrl":"https://vapolonov.github.io/qa_guru_python_7/9//#testresult/46dadeed10391f73","status":"passed","time":{"start":1688982513584,"stop":1688982518590,"duration":5006}},{"uid":"5c80e551139925d0","reportUrl":"https://vapolonov.github.io/qa_guru_python_7/8//#testresult/5c80e551139925d0","status":"passed","time":{"start":1688981966214,"stop":1688981971232,"duration":5018}},{"uid":"a8a713e5be7fa80c","reportUrl":"https://vapolonov.github.io/qa_guru_python_7/7//#testresult/a8a713e5be7fa80c","status":"broken","statusDetails":"selenium.common.exceptions.WebDriverException: Message: unknown error: Chrome failed to start: exited abnormally.\n  (unknown error: DevToolsActivePort file doesn't exist)\n  (The process started from chrome location /usr/bin/google-chrome is no longer running, so ChromeDriver is assuming that Chrome has crashed.)\nStacktrace:\n#0 0x56404df624e3 <unknown>\n#1 0x56404dc91c76 <unknown>\n#2 0x56404dcbad78 <unknown>\n#3 0x56404dcb7029 <unknown>\n#4 0x56404dcf5ccc <unknown>\n#5 0x56404dcf547f <unknown>\n#6 0x56404dcecde3 <unknown>\n#7 0x56404dcc22dd <unknown>\n#8 0x56404dcc334e <unknown>\n#9 0x56404df223e4 <unknown>\n#10 0x56404df263d7 <unknown>\n#11 0x56404df30b20 <unknown>\n#12 0x56404df27023 <unknown>\n#13 0x56404def51aa <unknown>\n#14 0x56404df4b6b8 <unknown>\n#15 0x56404df4b847 <unknown>\n#16 0x56404df5b243 <unknown>\n#17 0x7ff5709ceb43 <unknown>","time":{"start":1688980175505,"stop":1688980176149,"duration":644}},{"uid":"fb49913353300bf6","reportUrl":"https://vapolonov.github.io/qa_guru_python_7/5//#testresult/fb49913353300bf6","status":"broken","statusDetails":"selenium.common.exceptions.WebDriverException: Message: unknown error: Chrome failed to start: exited abnormally.\n  (unknown error: DevToolsActivePort file doesn't exist)\n  (The process started from chrome location /usr/bin/google-chrome is no longer running, so ChromeDriver is assuming that Chrome has crashed.)\nStacktrace:\n#0 0x5634063274e3 <unknown>\n#1 0x563406056c76 <unknown>\n#2 0x56340607fd78 <unknown>\n#3 0x56340607c029 <unknown>\n#4 0x5634060baccc <unknown>\n#5 0x5634060ba47f <unknown>\n#6 0x5634060b1de3 <unknown>\n#7 0x5634060872dd <unknown>\n#8 0x56340608834e <unknown>\n#9 0x5634062e73e4 <unknown>\n#10 0x5634062eb3d7 <unknown>\n#11 0x5634062f5b20 <unknown>\n#12 0x5634062ec023 <unknown>\n#13 0x5634062ba1aa <unknown>\n#14 0x5634063106b8 <unknown>\n#15 0x563406310847 <unknown>\n#16 0x563406320243 <unknown>\n#17 0x7f9b0b465b43 <unknown>","time":{"start":1688979001796,"stop":1688979002440,"duration":644}}]},"tags":[]},"source":"a3b5bf3d447c7025.json","parameterValues":[]}