{"uid":"a52cf7cf821a0627","name":"test_decorator_labels","fullName":"tests.test_labels#test_decorator_labels","historyId":"c523cdf50b1089ff2e96a47805a8515c","time":{"start":1697444620004,"stop":1697444620004,"duration":0},"status":"broken","statusMessage":"ImportError: cannot import name 'ChromeType' from 'webdriver_manager.core.utils' (/opt/hostedtoolcache/Python/3.11.5/x64/lib/python3.11/site-packages/webdriver_manager/core/utils.py)","statusTrace":"self = <allure_commons._allure.fixture object at 0x7ff7e5e38210>, args = ()\nkwargs = {}\n\n    def __call__(self, *args, **kwargs):\n        self.parameters = func_parameters(self._fixture_function, *args, **kwargs)\n    \n        with self:\n>           return self._fixture_function(*args, **kwargs)\n\n/opt/hostedtoolcache/Python/3.11.5/x64/lib/python3.11/site-packages/allure_commons/_allure.py:221: \n_ _ _ _ _ _ _ _ _ _ _ _ _ _ _ _ _ _ _ _ _ _ _ _ _ _ _ _ _ _ _ _ _ _ _ _ _ _ _ _ \ntests/conftest.py:21: in browser_management\n    browser.quit()\n/opt/hostedtoolcache/Python/3.11.5/x64/lib/python3.11/site-packages/selene/core/entity.py:1204: in quit\n    self.driver.quit()\n/opt/hostedtoolcache/Python/3.11.5/x64/lib/python3.11/site-packages/selene/core/entity.py:1099: in driver\n    return self.config.driver\n/opt/hostedtoolcache/Python/3.11.5/x64/lib/python3.11/site-packages/selene/core/configuration.py:345: in __get__\n    driver = config.build_driver_strategy(config)\n_ _ _ _ _ _ _ _ _ _ _ _ _ _ _ _ _ _ _ _ _ _ _ _ _ _ _ _ _ _ _ _ _ _ _ _ _ _ _ _ \n\nconfig = <selene.core.configuration.Config object at 0x7ff7e625de90>\n\n    def _build_local_driver_by_name_or_remote_by_url_and_options(\n        config: Config,\n    ) -> WebDriver:\n        from selenium.webdriver import (\n            ChromeOptions,\n            EdgeOptions,\n            Chrome,\n            Firefox,\n            Edge,\n        )\n    \n        from selenium.webdriver.chrome.service import Service as ChromeService\n        from selenium.webdriver.firefox.service import Service as FirefoxService\n        from selenium.webdriver.edge.service import Service as EdgeService  # type: ignore\n    \n        from webdriver_manager.chrome import ChromeDriverManager  # type: ignore\n        from webdriver_manager.firefox import GeckoDriverManager  # type: ignore\n        from webdriver_manager.microsoft import EdgeChromiumDriverManager  # type: ignore\n    \n>       from webdriver_manager.core.utils import ChromeType  # type: ignore\nE       ImportError: cannot import name 'ChromeType' from 'webdriver_manager.core.utils' (/opt/hostedtoolcache/Python/3.11.5/x64/lib/python3.11/site-packages/webdriver_manager/core/utils.py)\n\n/opt/hostedtoolcache/Python/3.11.5/x64/lib/python3.11/site-packages/selene/core/configuration.py:69: ImportError","flaky":false,"newFailed":false,"newBroken":true,"newPassed":false,"retriesCount":0,"retriesStatusChange":false,"beforeStages":[{"name":"browser_management","time":{"start":1697444620003,"stop":1697444620003,"duration":0},"status":"passed","steps":[],"attachments":[],"parameters":[],"shouldDisplayMessage":false,"stepsCount":0,"attachmentsCount":0,"hasContent":false}],"afterStages":[{"name":"browser_management::0","time":{"start":1697444620004,"stop":1697444620005,"duration":1},"status":"broken","statusMessage":"ImportError: cannot import name 'ChromeType' from 'webdriver_manager.core.utils' (/opt/hostedtoolcache/Python/3.11.5/x64/lib/python3.11/site-packages/webdriver_manager/core/utils.py)\n","statusTrace":"  File \"/opt/hostedtoolcache/Python/3.11.5/x64/lib/python3.11/site-packages/allure_commons/_allure.py\", line 221, in __call__\n    return self._fixture_function(*args, **kwargs)\n           ^^^^^^^^^^^^^^^^^^^^^^^^^^^^^^^^^^^^^^^\n  File \"/opt/hostedtoolcache/Python/3.11.5/x64/lib/python3.11/site-packages/_pytest/fixtures.py\", line 911, in _teardown_yield_fixture\n    next(it)\n  File \"/home/runner/work/qa_guru_python_7/qa_guru_python_7/tests/conftest.py\", line 21, in browser_management\n    browser.quit()\n  File \"/opt/hostedtoolcache/Python/3.11.5/x64/lib/python3.11/site-packages/selene/core/entity.py\", line 1204, in quit\n    self.driver.quit()\n    ^^^^^^^^^^^\n  File \"/opt/hostedtoolcache/Python/3.11.5/x64/lib/python3.11/site-packages/selene/core/entity.py\", line 1099, in driver\n    return self.config.driver\n           ^^^^^^^^^^^^^^^^^^\n  File \"/opt/hostedtoolcache/Python/3.11.5/x64/lib/python3.11/site-packages/selene/core/configuration.py\", line 345, in __get__\n    driver = config.build_driver_strategy(config)\n             ^^^^^^^^^^^^^^^^^^^^^^^^^^^^^^^^^^^^\n  File \"/opt/hostedtoolcache/Python/3.11.5/x64/lib/python3.11/site-packages/selene/core/configuration.py\", line 69, in _build_local_driver_by_name_or_remote_by_url_and_options\n    from webdriver_manager.core.utils import ChromeType  # type: ignore\n    ^^^^^^^^^^^^^^^^^^^^^^^^^^^^^^^^^^^^^^^^^^^^^^^^^^^\n","steps":[],"attachments":[],"parameters":[],"shouldDisplayMessage":true,"stepsCount":0,"attachmentsCount":0,"hasContent":true}],"labels":[{"name":"story","value":"Authorized user can create a task in the repository"},{"name":"tag","value":"web"},{"name":"feature","value":"Tasks in the repository"},{"name":"severity","value":"critical"},{"name":"owner","value":"apolonov"},{"name":"parentSuite","value":"tests"},{"name":"suite","value":"test_labels"},{"name":"host","value":"fv-az398-616"},{"name":"thread","value":"2190-MainThread"},{"name":"framework","value":"pytest"},{"name":"language","value":"cpython3"},{"name":"package","value":"tests.test_labels"},{"name":"resultFormat","value":"allure2"}],"parameters":[],"links":[{"name":"Testing","url":"https://github.com","type":"link"}],"hidden":false,"retry":false,"extra":{"severity":"critical","owner":"apolonov","retries":[],"categories":[{"name":"Test defects","matchedStatuses":[],"flaky":false}],"history":{"statistic":{"failed":0,"broken":3,"skipped":0,"passed":2,"unknown":0,"total":5},"items":[{"uid":"13729be001a58f69","reportUrl":"https://vapolonov.github.io/qa_guru_python_7/9//#testresult/13729be001a58f69","status":"passed","time":{"start":1688982500819,"stop":1688982500819,"duration":0}},{"uid":"7a8dbf01ab3d2b0f","reportUrl":"https://vapolonov.github.io/qa_guru_python_7/8//#testresult/7a8dbf01ab3d2b0f","status":"passed","time":{"start":1688981953114,"stop":1688981953115,"duration":1}},{"uid":"aa3a3e8114fb8618","reportUrl":"https://vapolonov.github.io/qa_guru_python_7/7//#testresult/aa3a3e8114fb8618","status":"broken","statusDetails":"selenium.common.exceptions.WebDriverException: Message: unknown error: Chrome failed to start: exited abnormally.\n  (unknown error: DevToolsActivePort file doesn't exist)\n  (The process started from chrome location /usr/bin/google-chrome is no longer running, so ChromeDriver is assuming that Chrome has crashed.)\nStacktrace:\n#0 0x5608abd054e3 <unknown>\n#1 0x5608aba34c76 <unknown>\n#2 0x5608aba5dd78 <unknown>\n#3 0x5608aba5a029 <unknown>\n#4 0x5608aba98ccc <unknown>\n#5 0x5608aba9847f <unknown>\n#6 0x5608aba8fde3 <unknown>\n#7 0x5608aba652dd <unknown>\n#8 0x5608aba6634e <unknown>\n#9 0x5608abcc53e4 <unknown>\n#10 0x5608abcc93d7 <unknown>\n#11 0x5608abcd3b20 <unknown>\n#12 0x5608abcca023 <unknown>\n#13 0x5608abc981aa <unknown>\n#14 0x5608abcee6b8 <unknown>\n#15 0x5608abcee847 <unknown>\n#16 0x5608abcfe243 <unknown>\n#17 0x7f1416527b43 <unknown>","time":{"start":1688980171916,"stop":1688980171916,"duration":0}},{"uid":"4351633a6d048a89","reportUrl":"https://vapolonov.github.io/qa_guru_python_7/5//#testresult/4351633a6d048a89","status":"broken","statusDetails":"selenium.common.exceptions.WebDriverException: Message: unknown error: Chrome failed to start: exited abnormally.\n  (unknown error: DevToolsActivePort file doesn't exist)\n  (The process started from chrome location /usr/bin/google-chrome is no longer running, so ChromeDriver is assuming that Chrome has crashed.)\nStacktrace:\n#0 0x56154ca9a4e3 <unknown>\n#1 0x56154c7c9c76 <unknown>\n#2 0x56154c7f2d78 <unknown>\n#3 0x56154c7ef029 <unknown>\n#4 0x56154c82dccc <unknown>\n#5 0x56154c82d47f <unknown>\n#6 0x56154c824de3 <unknown>\n#7 0x56154c7fa2dd <unknown>\n#8 0x56154c7fb34e <unknown>\n#9 0x56154ca5a3e4 <unknown>\n#10 0x56154ca5e3d7 <unknown>\n#11 0x56154ca68b20 <unknown>\n#12 0x56154ca5f023 <unknown>\n#13 0x56154ca2d1aa <unknown>\n#14 0x56154ca836b8 <unknown>\n#15 0x56154ca83847 <unknown>\n#16 0x56154ca93243 <unknown>\n#17 0x7f4d9bf80b43 <unknown>","time":{"start":1688978997211,"stop":1688978997212,"duration":1}}]},"tags":["web"]},"source":"a52cf7cf821a0627.json","parameterValues":[]}