{"uid":"ad1694c5a2e53a40","name":"test_decorator_steps","fullName":"tests.test_steps#test_decorator_steps","historyId":"fd62217c3385a97c3b02a331591880c0","time":{"start":1697444620176,"stop":1697444620177,"duration":1},"status":"broken","statusMessage":"ImportError: cannot import name 'ChromeType' from 'webdriver_manager.core.utils' (/opt/hostedtoolcache/Python/3.11.5/x64/lib/python3.11/site-packages/webdriver_manager/core/utils.py)","statusTrace":"browser_management = None\n\n    def test_decorator_steps(browser_management):\n>       open_main_page()\n\ntests/test_steps.py:27: \n_ _ _ _ _ _ _ _ _ _ _ _ _ _ _ _ _ _ _ _ _ _ _ _ _ _ _ _ _ _ _ _ _ _ _ _ _ _ _ _ \ntests/test_steps.py:36: in open_main_page\n    browser.open('/')\n/opt/hostedtoolcache/Python/3.11.5/x64/lib/python3.11/site-packages/selene/core/entity.py:1154: in open\n    self.config._executor.get_url(relative_or_absolute_url)\n/opt/hostedtoolcache/Python/3.11.5/x64/lib/python3.11/site-packages/selene/core/configuration.py:303: in get_url\n    self.config._driver_get_url_strategy(self.config)(url)\n/opt/hostedtoolcache/Python/3.11.5/x64/lib/python3.11/site-packages/selene/core/configuration.py:218: in get\n    driver = config.driver\n/opt/hostedtoolcache/Python/3.11.5/x64/lib/python3.11/site-packages/selene/core/configuration.py:345: in __get__\n    driver = config.build_driver_strategy(config)\n_ _ _ _ _ _ _ _ _ _ _ _ _ _ _ _ _ _ _ _ _ _ _ _ _ _ _ _ _ _ _ _ _ _ _ _ _ _ _ _ \n\nconfig = <selene.core.configuration.Config object at 0x7ff7e625de90>\n\n    def _build_local_driver_by_name_or_remote_by_url_and_options(\n        config: Config,\n    ) -> WebDriver:\n        from selenium.webdriver import (\n            ChromeOptions,\n            EdgeOptions,\n            Chrome,\n            Firefox,\n            Edge,\n        )\n    \n        from selenium.webdriver.chrome.service import Service as ChromeService\n        from selenium.webdriver.firefox.service import Service as FirefoxService\n        from selenium.webdriver.edge.service import Service as EdgeService  # type: ignore\n    \n        from webdriver_manager.chrome import ChromeDriverManager  # type: ignore\n        from webdriver_manager.firefox import GeckoDriverManager  # type: ignore\n        from webdriver_manager.microsoft import EdgeChromiumDriverManager  # type: ignore\n    \n>       from webdriver_manager.core.utils import ChromeType  # type: ignore\nE       ImportError: cannot import name 'ChromeType' from 'webdriver_manager.core.utils' (/opt/hostedtoolcache/Python/3.11.5/x64/lib/python3.11/site-packages/webdriver_manager/core/utils.py)\n\n/opt/hostedtoolcache/Python/3.11.5/x64/lib/python3.11/site-packages/selene/core/configuration.py:69: ImportError","flaky":false,"newFailed":false,"newBroken":true,"newPassed":false,"retriesCount":0,"retriesStatusChange":false,"beforeStages":[{"name":"browser_management","time":{"start":1697444620176,"stop":1697444620176,"duration":0},"status":"passed","steps":[],"attachments":[],"parameters":[],"shouldDisplayMessage":false,"stepsCount":0,"attachmentsCount":0,"hasContent":false}],"testStage":{"status":"broken","statusMessage":"ImportError: cannot import name 'ChromeType' from 'webdriver_manager.core.utils' (/opt/hostedtoolcache/Python/3.11.5/x64/lib/python3.11/site-packages/webdriver_manager/core/utils.py)","statusTrace":"browser_management = None\n\n    def test_decorator_steps(browser_management):\n>       open_main_page()\n\ntests/test_steps.py:27: \n_ _ _ _ _ _ _ _ _ _ _ _ _ _ _ _ _ _ _ _ _ _ _ _ _ _ _ _ _ _ _ _ _ _ _ _ _ _ _ _ \ntests/test_steps.py:36: in open_main_page\n    browser.open('/')\n/opt/hostedtoolcache/Python/3.11.5/x64/lib/python3.11/site-packages/selene/core/entity.py:1154: in open\n    self.config._executor.get_url(relative_or_absolute_url)\n/opt/hostedtoolcache/Python/3.11.5/x64/lib/python3.11/site-packages/selene/core/configuration.py:303: in get_url\n    self.config._driver_get_url_strategy(self.config)(url)\n/opt/hostedtoolcache/Python/3.11.5/x64/lib/python3.11/site-packages/selene/core/configuration.py:218: in get\n    driver = config.driver\n/opt/hostedtoolcache/Python/3.11.5/x64/lib/python3.11/site-packages/selene/core/configuration.py:345: in __get__\n    driver = config.build_driver_strategy(config)\n_ _ _ _ _ _ _ _ _ _ _ _ _ _ _ _ _ _ _ _ _ _ _ _ _ _ _ _ _ _ _ _ _ _ _ _ _ _ _ _ \n\nconfig = <selene.core.configuration.Config object at 0x7ff7e625de90>\n\n    def _build_local_driver_by_name_or_remote_by_url_and_options(\n        config: Config,\n    ) -> WebDriver:\n        from selenium.webdriver import (\n            ChromeOptions,\n            EdgeOptions,\n            Chrome,\n            Firefox,\n            Edge,\n        )\n    \n        from selenium.webdriver.chrome.service import Service as ChromeService\n        from selenium.webdriver.firefox.service import Service as FirefoxService\n        from selenium.webdriver.edge.service import Service as EdgeService  # type: ignore\n    \n        from webdriver_manager.chrome import ChromeDriverManager  # type: ignore\n        from webdriver_manager.firefox import GeckoDriverManager  # type: ignore\n        from webdriver_manager.microsoft import EdgeChromiumDriverManager  # type: ignore\n    \n>       from webdriver_manager.core.utils import ChromeType  # type: ignore\nE       ImportError: cannot import name 'ChromeType' from 'webdriver_manager.core.utils' (/opt/hostedtoolcache/Python/3.11.5/x64/lib/python3.11/site-packages/webdriver_manager/core/utils.py)\n\n/opt/hostedtoolcache/Python/3.11.5/x64/lib/python3.11/site-packages/selene/core/configuration.py:69: ImportError","steps":[{"name":"Open main page","time":{"start":1697444620176,"stop":1697444620176,"duration":0},"status":"broken","statusMessage":"ImportError: cannot import name 'ChromeType' from 'webdriver_manager.core.utils' (/opt/hostedtoolcache/Python/3.11.5/x64/lib/python3.11/site-packages/webdriver_manager/core/utils.py)\n","statusTrace":"  File \"/opt/hostedtoolcache/Python/3.11.5/x64/lib/python3.11/site-packages/allure_commons/_allure.py\", line 192, in impl\n    return func(*a, **kw)\n           ^^^^^^^^^^^^^^\n  File \"/home/runner/work/qa_guru_python_7/qa_guru_python_7/tests/test_steps.py\", line 36, in open_main_page\n    browser.open('/')\n  File \"/opt/hostedtoolcache/Python/3.11.5/x64/lib/python3.11/site-packages/selene/core/entity.py\", line 1154, in open\n    self.config._executor.get_url(relative_or_absolute_url)\n  File \"/opt/hostedtoolcache/Python/3.11.5/x64/lib/python3.11/site-packages/selene/core/configuration.py\", line 303, in get_url\n    self.config._driver_get_url_strategy(self.config)(url)\n  File \"/opt/hostedtoolcache/Python/3.11.5/x64/lib/python3.11/site-packages/selene/core/configuration.py\", line 218, in get\n    driver = config.driver\n             ^^^^^^^^^^^^^\n  File \"/opt/hostedtoolcache/Python/3.11.5/x64/lib/python3.11/site-packages/selene/core/configuration.py\", line 345, in __get__\n    driver = config.build_driver_strategy(config)\n             ^^^^^^^^^^^^^^^^^^^^^^^^^^^^^^^^^^^^\n  File \"/opt/hostedtoolcache/Python/3.11.5/x64/lib/python3.11/site-packages/selene/core/configuration.py\", line 69, in _build_local_driver_by_name_or_remote_by_url_and_options\n    from webdriver_manager.core.utils import ChromeType  # type: ignore\n    ^^^^^^^^^^^^^^^^^^^^^^^^^^^^^^^^^^^^^^^^^^^^^^^^^^^\n","steps":[],"attachments":[],"parameters":[],"shouldDisplayMessage":true,"stepsCount":0,"attachmentsCount":0,"hasContent":true}],"attachments":[],"parameters":[],"shouldDisplayMessage":true,"stepsCount":1,"attachmentsCount":0,"hasContent":true},"afterStages":[{"name":"browser_management::0","time":{"start":1697444620206,"stop":1697444620207,"duration":1},"status":"broken","statusMessage":"ImportError: cannot import name 'ChromeType' from 'webdriver_manager.core.utils' (/opt/hostedtoolcache/Python/3.11.5/x64/lib/python3.11/site-packages/webdriver_manager/core/utils.py)\n","statusTrace":"  File \"/opt/hostedtoolcache/Python/3.11.5/x64/lib/python3.11/site-packages/allure_commons/_allure.py\", line 221, in __call__\n    return self._fixture_function(*args, **kwargs)\n           ^^^^^^^^^^^^^^^^^^^^^^^^^^^^^^^^^^^^^^^\n  File \"/opt/hostedtoolcache/Python/3.11.5/x64/lib/python3.11/site-packages/_pytest/fixtures.py\", line 911, in _teardown_yield_fixture\n    next(it)\n  File \"/home/runner/work/qa_guru_python_7/qa_guru_python_7/tests/conftest.py\", line 21, in browser_management\n    browser.quit()\n  File \"/opt/hostedtoolcache/Python/3.11.5/x64/lib/python3.11/site-packages/selene/core/entity.py\", line 1204, in quit\n    self.driver.quit()\n    ^^^^^^^^^^^\n  File \"/opt/hostedtoolcache/Python/3.11.5/x64/lib/python3.11/site-packages/selene/core/entity.py\", line 1099, in driver\n    return self.config.driver\n           ^^^^^^^^^^^^^^^^^^\n  File \"/opt/hostedtoolcache/Python/3.11.5/x64/lib/python3.11/site-packages/selene/core/configuration.py\", line 345, in __get__\n    driver = config.build_driver_strategy(config)\n             ^^^^^^^^^^^^^^^^^^^^^^^^^^^^^^^^^^^^\n  File \"/opt/hostedtoolcache/Python/3.11.5/x64/lib/python3.11/site-packages/selene/core/configuration.py\", line 69, in _build_local_driver_by_name_or_remote_by_url_and_options\n    from webdriver_manager.core.utils import ChromeType  # type: ignore\n    ^^^^^^^^^^^^^^^^^^^^^^^^^^^^^^^^^^^^^^^^^^^^^^^^^^^\n","steps":[],"attachments":[],"parameters":[],"shouldDisplayMessage":true,"stepsCount":0,"attachmentsCount":0,"hasContent":true}],"labels":[{"name":"parentSuite","value":"tests"},{"name":"suite","value":"test_steps"},{"name":"host","value":"fv-az398-616"},{"name":"thread","value":"2190-MainThread"},{"name":"framework","value":"pytest"},{"name":"language","value":"cpython3"},{"name":"package","value":"tests.test_steps"},{"name":"resultFormat","value":"allure2"}],"parameters":[],"links":[],"hidden":false,"retry":false,"extra":{"severity":"normal","retries":[],"categories":[{"name":"Test defects","matchedStatuses":[],"flaky":false}],"history":{"statistic":{"failed":0,"broken":3,"skipped":0,"passed":2,"unknown":0,"total":5},"items":[{"uid":"46dadeed10391f73","reportUrl":"https://vapolonov.github.io/qa_guru_python_7/9//#testresult/46dadeed10391f73","status":"passed","time":{"start":1688982513584,"stop":1688982518590,"duration":5006}},{"uid":"5c80e551139925d0","reportUrl":"https://vapolonov.github.io/qa_guru_python_7/8//#testresult/5c80e551139925d0","status":"passed","time":{"start":1688981966214,"stop":1688981971232,"duration":5018}},{"uid":"a8a713e5be7fa80c","reportUrl":"https://vapolonov.github.io/qa_guru_python_7/7//#testresult/a8a713e5be7fa80c","status":"broken","statusDetails":"selenium.common.exceptions.WebDriverException: Message: unknown error: Chrome failed to start: exited abnormally.\n  (unknown error: DevToolsActivePort file doesn't exist)\n  (The process started from chrome location /usr/bin/google-chrome is no longer running, so ChromeDriver is assuming that Chrome has crashed.)\nStacktrace:\n#0 0x56404df624e3 <unknown>\n#1 0x56404dc91c76 <unknown>\n#2 0x56404dcbad78 <unknown>\n#3 0x56404dcb7029 <unknown>\n#4 0x56404dcf5ccc <unknown>\n#5 0x56404dcf547f <unknown>\n#6 0x56404dcecde3 <unknown>\n#7 0x56404dcc22dd <unknown>\n#8 0x56404dcc334e <unknown>\n#9 0x56404df223e4 <unknown>\n#10 0x56404df263d7 <unknown>\n#11 0x56404df30b20 <unknown>\n#12 0x56404df27023 <unknown>\n#13 0x56404def51aa <unknown>\n#14 0x56404df4b6b8 <unknown>\n#15 0x56404df4b847 <unknown>\n#16 0x56404df5b243 <unknown>\n#17 0x7ff5709ceb43 <unknown>","time":{"start":1688980175505,"stop":1688980176149,"duration":644}},{"uid":"fb49913353300bf6","reportUrl":"https://vapolonov.github.io/qa_guru_python_7/5//#testresult/fb49913353300bf6","status":"broken","statusDetails":"selenium.common.exceptions.WebDriverException: Message: unknown error: Chrome failed to start: exited abnormally.\n  (unknown error: DevToolsActivePort file doesn't exist)\n  (The process started from chrome location /usr/bin/google-chrome is no longer running, so ChromeDriver is assuming that Chrome has crashed.)\nStacktrace:\n#0 0x5634063274e3 <unknown>\n#1 0x563406056c76 <unknown>\n#2 0x56340607fd78 <unknown>\n#3 0x56340607c029 <unknown>\n#4 0x5634060baccc <unknown>\n#5 0x5634060ba47f <unknown>\n#6 0x5634060b1de3 <unknown>\n#7 0x5634060872dd <unknown>\n#8 0x56340608834e <unknown>\n#9 0x5634062e73e4 <unknown>\n#10 0x5634062eb3d7 <unknown>\n#11 0x5634062f5b20 <unknown>\n#12 0x5634062ec023 <unknown>\n#13 0x5634062ba1aa <unknown>\n#14 0x5634063106b8 <unknown>\n#15 0x563406310847 <unknown>\n#16 0x563406320243 <unknown>\n#17 0x7f9b0b465b43 <unknown>","time":{"start":1688979001796,"stop":1688979002440,"duration":644}}]},"tags":[]},"source":"ad1694c5a2e53a40.json","parameterValues":[]}