{"uid":"bc3e5fff30f6566c","name":"test_dynamic_labels","fullName":"tests.test_labels#test_dynamic_labels","historyId":"ccd01939447b33c000e3c641ad15f597","time":{"start":1697444619970,"stop":1697444619970,"duration":0},"status":"broken","statusMessage":"ImportError: cannot import name 'ChromeType' from 'webdriver_manager.core.utils' (/opt/hostedtoolcache/Python/3.11.5/x64/lib/python3.11/site-packages/webdriver_manager/core/utils.py)","statusTrace":"self = <allure_commons._allure.fixture object at 0x7ff7e618fe10>, args = ()\nkwargs = {}\n\n    def __call__(self, *args, **kwargs):\n        self.parameters = func_parameters(self._fixture_function, *args, **kwargs)\n    \n        with self:\n>           return self._fixture_function(*args, **kwargs)\n\n/opt/hostedtoolcache/Python/3.11.5/x64/lib/python3.11/site-packages/allure_commons/_allure.py:221: \n_ _ _ _ _ _ _ _ _ _ _ _ _ _ _ _ _ _ _ _ _ _ _ _ _ _ _ _ _ _ _ _ _ _ _ _ _ _ _ _ \ntests/conftest.py:21: in browser_management\n    browser.quit()\n/opt/hostedtoolcache/Python/3.11.5/x64/lib/python3.11/site-packages/selene/core/entity.py:1204: in quit\n    self.driver.quit()\n/opt/hostedtoolcache/Python/3.11.5/x64/lib/python3.11/site-packages/selene/core/entity.py:1099: in driver\n    return self.config.driver\n/opt/hostedtoolcache/Python/3.11.5/x64/lib/python3.11/site-packages/selene/core/configuration.py:345: in __get__\n    driver = config.build_driver_strategy(config)\n_ _ _ _ _ _ _ _ _ _ _ _ _ _ _ _ _ _ _ _ _ _ _ _ _ _ _ _ _ _ _ _ _ _ _ _ _ _ _ _ \n\nconfig = <selene.core.configuration.Config object at 0x7ff7e625de90>\n\n    def _build_local_driver_by_name_or_remote_by_url_and_options(\n        config: Config,\n    ) -> WebDriver:\n        from selenium.webdriver import (\n            ChromeOptions,\n            EdgeOptions,\n            Chrome,\n            Firefox,\n            Edge,\n        )\n    \n        from selenium.webdriver.chrome.service import Service as ChromeService\n        from selenium.webdriver.firefox.service import Service as FirefoxService\n        from selenium.webdriver.edge.service import Service as EdgeService  # type: ignore\n    \n        from webdriver_manager.chrome import ChromeDriverManager  # type: ignore\n        from webdriver_manager.firefox import GeckoDriverManager  # type: ignore\n        from webdriver_manager.microsoft import EdgeChromiumDriverManager  # type: ignore\n    \n>       from webdriver_manager.core.utils import ChromeType  # type: ignore\nE       ImportError: cannot import name 'ChromeType' from 'webdriver_manager.core.utils' (/opt/hostedtoolcache/Python/3.11.5/x64/lib/python3.11/site-packages/webdriver_manager/core/utils.py)\n\n/opt/hostedtoolcache/Python/3.11.5/x64/lib/python3.11/site-packages/selene/core/configuration.py:69: ImportError","flaky":false,"newFailed":false,"newBroken":true,"newPassed":false,"retriesCount":0,"retriesStatusChange":false,"beforeStages":[{"name":"browser_management","time":{"start":1697444619969,"stop":1697444619969,"duration":0},"status":"passed","steps":[],"attachments":[],"parameters":[],"shouldDisplayMessage":false,"stepsCount":0,"attachmentsCount":0,"hasContent":false}],"afterStages":[{"name":"browser_management::0","time":{"start":1697444619970,"stop":1697444619971,"duration":1},"status":"broken","statusMessage":"ImportError: cannot import name 'ChromeType' from 'webdriver_manager.core.utils' (/opt/hostedtoolcache/Python/3.11.5/x64/lib/python3.11/site-packages/webdriver_manager/core/utils.py)\n","statusTrace":"  File \"/opt/hostedtoolcache/Python/3.11.5/x64/lib/python3.11/site-packages/allure_commons/_allure.py\", line 221, in __call__\n    return self._fixture_function(*args, **kwargs)\n           ^^^^^^^^^^^^^^^^^^^^^^^^^^^^^^^^^^^^^^^\n  File \"/opt/hostedtoolcache/Python/3.11.5/x64/lib/python3.11/site-packages/_pytest/fixtures.py\", line 911, in _teardown_yield_fixture\n    next(it)\n  File \"/home/runner/work/qa_guru_python_7/qa_guru_python_7/tests/conftest.py\", line 21, in browser_management\n    browser.quit()\n  File \"/opt/hostedtoolcache/Python/3.11.5/x64/lib/python3.11/site-packages/selene/core/entity.py\", line 1204, in quit\n    self.driver.quit()\n    ^^^^^^^^^^^\n  File \"/opt/hostedtoolcache/Python/3.11.5/x64/lib/python3.11/site-packages/selene/core/entity.py\", line 1099, in driver\n    return self.config.driver\n           ^^^^^^^^^^^^^^^^^^\n  File \"/opt/hostedtoolcache/Python/3.11.5/x64/lib/python3.11/site-packages/selene/core/configuration.py\", line 345, in __get__\n    driver = config.build_driver_strategy(config)\n             ^^^^^^^^^^^^^^^^^^^^^^^^^^^^^^^^^^^^\n  File \"/opt/hostedtoolcache/Python/3.11.5/x64/lib/python3.11/site-packages/selene/core/configuration.py\", line 69, in _build_local_driver_by_name_or_remote_by_url_and_options\n    from webdriver_manager.core.utils import ChromeType  # type: ignore\n    ^^^^^^^^^^^^^^^^^^^^^^^^^^^^^^^^^^^^^^^^^^^^^^^^^^^\n","steps":[],"attachments":[],"parameters":[],"shouldDisplayMessage":true,"stepsCount":0,"attachmentsCount":0,"hasContent":true}],"labels":[{"name":"tag","value":"web"},{"name":"severity","value":"blocker"},{"name":"feature","value":"Tasks in the repository"},{"name":"story","value":"Unauthorized user can't create an issue in the repository"},{"name":"parentSuite","value":"tests"},{"name":"suite","value":"test_labels"},{"name":"host","value":"fv-az398-616"},{"name":"thread","value":"2190-MainThread"},{"name":"framework","value":"pytest"},{"name":"language","value":"cpython3"},{"name":"package","value":"tests.test_labels"},{"name":"resultFormat","value":"allure2"}],"parameters":[],"links":[{"name":"Testing","url":"https://github.com","type":"link"}],"hidden":false,"retry":false,"extra":{"severity":"blocker","retries":[],"categories":[{"name":"Test defects","matchedStatuses":[],"flaky":false}],"history":{"statistic":{"failed":0,"broken":3,"skipped":0,"passed":2,"unknown":0,"total":5},"items":[{"uid":"2d3399ca87d4f047","reportUrl":"https://vapolonov.github.io/qa_guru_python_7/9//#testresult/2d3399ca87d4f047","status":"passed","time":{"start":1688982500814,"stop":1688982500814,"duration":0}},{"uid":"bfe7d2722d0ffc6a","reportUrl":"https://vapolonov.github.io/qa_guru_python_7/8//#testresult/bfe7d2722d0ffc6a","status":"passed","time":{"start":1688981953109,"stop":1688981953109,"duration":0}},{"uid":"936b83f5e4e9e577","reportUrl":"https://vapolonov.github.io/qa_guru_python_7/7//#testresult/936b83f5e4e9e577","status":"broken","statusDetails":"selenium.common.exceptions.WebDriverException: Message: unknown error: Chrome failed to start: exited abnormally.\n  (unknown error: DevToolsActivePort file doesn't exist)\n  (The process started from chrome location /usr/bin/google-chrome is no longer running, so ChromeDriver is assuming that Chrome has crashed.)\nStacktrace:\n#0 0x55acc05994e3 <unknown>\n#1 0x55acc02c8c76 <unknown>\n#2 0x55acc02f1d78 <unknown>\n#3 0x55acc02ee029 <unknown>\n#4 0x55acc032cccc <unknown>\n#5 0x55acc032c47f <unknown>\n#6 0x55acc0323de3 <unknown>\n#7 0x55acc02f92dd <unknown>\n#8 0x55acc02fa34e <unknown>\n#9 0x55acc05593e4 <unknown>\n#10 0x55acc055d3d7 <unknown>\n#11 0x55acc0567b20 <unknown>\n#12 0x55acc055e023 <unknown>\n#13 0x55acc052c1aa <unknown>\n#14 0x55acc05826b8 <unknown>\n#15 0x55acc0582847 <unknown>\n#16 0x55acc0592243 <unknown>\n#17 0x7f65edfd0b43 <unknown>","time":{"start":1688980171204,"stop":1688980171204,"duration":0}},{"uid":"46b8060ce6021620","reportUrl":"https://vapolonov.github.io/qa_guru_python_7/5//#testresult/46b8060ce6021620","status":"broken","statusDetails":"selenium.common.exceptions.WebDriverException: Message: unknown error: Chrome failed to start: exited abnormally.\n  (unknown error: DevToolsActivePort file doesn't exist)\n  (The process started from chrome location /usr/bin/google-chrome is no longer running, so ChromeDriver is assuming that Chrome has crashed.)\nStacktrace:\n#0 0x559b9b80c4e3 <unknown>\n#1 0x559b9b53bc76 <unknown>\n#2 0x559b9b564d78 <unknown>\n#3 0x559b9b561029 <unknown>\n#4 0x559b9b59fccc <unknown>\n#5 0x559b9b59f47f <unknown>\n#6 0x559b9b596de3 <unknown>\n#7 0x559b9b56c2dd <unknown>\n#8 0x559b9b56d34e <unknown>\n#9 0x559b9b7cc3e4 <unknown>\n#10 0x559b9b7d03d7 <unknown>\n#11 0x559b9b7dab20 <unknown>\n#12 0x559b9b7d1023 <unknown>\n#13 0x559b9b79f1aa <unknown>\n#14 0x559b9b7f56b8 <unknown>\n#15 0x559b9b7f5847 <unknown>\n#16 0x559b9b805243 <unknown>\n#17 0x7fdd9a49eb43 <unknown>","time":{"start":1688978996499,"stop":1688978996499,"duration":0}}]},"tags":["web"]},"source":"bc3e5fff30f6566c.json","parameterValues":[]}