{"uid":"16ef7a2d361eaf71","name":"test_no_labels","fullName":"tests.test_labels#test_no_labels","historyId":"f3adf28ee296794970cdbc37f6561df8","time":{"start":1688981953103,"stop":1688981953103,"duration":0},"status":"passed","flaky":false,"newFailed":false,"newBroken":false,"newPassed":true,"retriesCount":0,"retriesStatusChange":false,"beforeStages":[{"name":"browser_management","time":{"start":1688981953102,"stop":1688981953102,"duration":0},"status":"passed","steps":[],"attachments":[],"parameters":[],"stepsCount":0,"attachmentsCount":0,"shouldDisplayMessage":false,"hasContent":false}],"testStage":{"status":"passed","steps":[],"attachments":[{"uid":"42d918c9057a506e","name":"log","source":"42d918c9057a506e.txt","type":"text/plain","size":1073}],"parameters":[],"stepsCount":0,"attachmentsCount":1,"shouldDisplayMessage":false,"hasContent":true},"afterStages":[{"name":"browser_management::0","time":{"start":1688981953103,"stop":1688981953107,"duration":4},"status":"passed","steps":[],"attachments":[],"parameters":[],"stepsCount":0,"attachmentsCount":0,"shouldDisplayMessage":false,"hasContent":false}],"labels":[{"name":"parentSuite","value":"tests"},{"name":"suite","value":"test_labels"},{"name":"host","value":"fv-az175-420"},{"name":"thread","value":"2497-MainThread"},{"name":"framework","value":"pytest"},{"name":"language","value":"cpython3"},{"name":"package","value":"tests.test_labels"},{"name":"resultFormat","value":"allure2"}],"parameters":[],"links":[],"hidden":false,"retry":false,"extra":{"severity":"normal","retries":[],"categories":[],"history":{"statistic":{"failed":0,"broken":2,"skipped":0,"passed":1,"unknown":0,"total":3},"items":[{"uid":"ecc51d45529e06b7","reportUrl":"https://vapolonov.github.io/qa_guru_python_7/7//#testresult/ecc51d45529e06b7","status":"broken","statusDetails":"selenium.common.exceptions.WebDriverException: Message: unknown error: Chrome failed to start: exited abnormally.\n  (unknown error: DevToolsActivePort file doesn't exist)\n  (The process started from chrome location /usr/bin/google-chrome is no longer running, so ChromeDriver is assuming that Chrome has crashed.)\nStacktrace:\n#0 0x563ea10fb4e3 <unknown>\n#1 0x563ea0e2ac76 <unknown>\n#2 0x563ea0e53d78 <unknown>\n#3 0x563ea0e50029 <unknown>\n#4 0x563ea0e8eccc <unknown>\n#5 0x563ea0e8e47f <unknown>\n#6 0x563ea0e85de3 <unknown>\n#7 0x563ea0e5b2dd <unknown>\n#8 0x563ea0e5c34e <unknown>\n#9 0x563ea10bb3e4 <unknown>\n#10 0x563ea10bf3d7 <unknown>\n#11 0x563ea10c9b20 <unknown>\n#12 0x563ea10c0023 <unknown>\n#13 0x563ea108e1aa <unknown>\n#14 0x563ea10e46b8 <unknown>\n#15 0x563ea10e4847 <unknown>\n#16 0x563ea10f4243 <unknown>\n#17 0x7fd10b32db43 <unknown>","time":{"start":1688980170491,"stop":1688980170491,"duration":0}},{"uid":"17889c85699dc811","reportUrl":"https://vapolonov.github.io/qa_guru_python_7/5//#testresult/17889c85699dc811","status":"broken","statusDetails":"selenium.common.exceptions.WebDriverException: Message: unknown error: Chrome failed to start: exited abnormally.\n  (unknown error: DevToolsActivePort file doesn't exist)\n  (The process started from chrome location /usr/bin/google-chrome is no longer running, so ChromeDriver is assuming that Chrome has crashed.)\nStacktrace:\n#0 0x55e2ca61b4e3 <unknown>\n#1 0x55e2ca34ac76 <unknown>\n#2 0x55e2ca373d78 <unknown>\n#3 0x55e2ca370029 <unknown>\n#4 0x55e2ca3aeccc <unknown>\n#5 0x55e2ca3ae47f <unknown>\n#6 0x55e2ca3a5de3 <unknown>\n#7 0x55e2ca37b2dd <unknown>\n#8 0x55e2ca37c34e <unknown>\n#9 0x55e2ca5db3e4 <unknown>\n#10 0x55e2ca5df3d7 <unknown>\n#11 0x55e2ca5e9b20 <unknown>\n#12 0x55e2ca5e0023 <unknown>\n#13 0x55e2ca5ae1aa <unknown>\n#14 0x55e2ca6046b8 <unknown>\n#15 0x55e2ca604847 <unknown>\n#16 0x55e2ca614243 <unknown>\n#17 0x7fb97815bb43 <unknown>","time":{"start":1688978995784,"stop":1688978995785,"duration":1}}]},"tags":[]},"source":"16ef7a2d361eaf71.json","parameterValues":[]}