{"uid":"bca2a94cf205c615","name":"test_dynamic_steps","fullName":"tests.test_steps#test_dynamic_steps","historyId":"7c7c5e5f20fe2663d33f122f5ce2ca5a","time":{"start":1688981960291,"stop":1688981966150,"duration":5859},"status":"passed","flaky":false,"newFailed":false,"newBroken":false,"newPassed":true,"retriesCount":0,"retriesStatusChange":false,"beforeStages":[{"name":"browser_management","time":{"start":1688981960290,"stop":1688981960290,"duration":0},"status":"passed","steps":[],"attachments":[],"parameters":[],"stepsCount":0,"attachmentsCount":0,"shouldDisplayMessage":false,"hasContent":false}],"testStage":{"status":"passed","steps":[{"name":"Open main page","time":{"start":1688981960291,"stop":1688981962719,"duration":2428},"status":"passed","steps":[],"attachments":[],"parameters":[],"stepsCount":0,"attachmentsCount":0,"shouldDisplayMessage":false,"hasContent":false},{"name":"Search the repository","time":{"start":1688981962719,"stop":1688981963275,"duration":556},"status":"passed","steps":[],"attachments":[],"parameters":[],"stepsCount":0,"attachmentsCount":0,"shouldDisplayMessage":false,"hasContent":false},{"name":"Go to repository link","time":{"start":1688981963275,"stop":1688981965191,"duration":1916},"status":"passed","steps":[],"attachments":[],"parameters":[],"stepsCount":0,"attachmentsCount":0,"shouldDisplayMessage":false,"hasContent":false},{"name":"Open tab Issues","time":{"start":1688981965191,"stop":1688981965609,"duration":418},"status":"passed","steps":[],"attachments":[],"parameters":[],"stepsCount":0,"attachmentsCount":0,"shouldDisplayMessage":false,"hasContent":false},{"name":"Verify that issue number 76 exists","time":{"start":1688981965609,"stop":1688981966150,"duration":541},"status":"passed","steps":[],"attachments":[],"parameters":[],"stepsCount":0,"attachmentsCount":0,"shouldDisplayMessage":false,"hasContent":false}],"attachments":[],"parameters":[],"stepsCount":5,"attachmentsCount":0,"shouldDisplayMessage":false,"hasContent":true},"afterStages":[{"name":"browser_management::0","time":{"start":1688981966151,"stop":1688981966212,"duration":61},"status":"passed","steps":[],"attachments":[],"parameters":[],"stepsCount":0,"attachmentsCount":0,"shouldDisplayMessage":false,"hasContent":false}],"labels":[{"name":"parentSuite","value":"tests"},{"name":"suite","value":"test_steps"},{"name":"host","value":"fv-az175-420"},{"name":"thread","value":"2497-MainThread"},{"name":"framework","value":"pytest"},{"name":"language","value":"cpython3"},{"name":"package","value":"tests.test_steps"},{"name":"resultFormat","value":"allure2"}],"parameters":[],"links":[],"hidden":false,"retry":false,"extra":{"severity":"normal","retries":[],"categories":[],"history":{"statistic":{"failed":0,"broken":2,"skipped":0,"passed":1,"unknown":0,"total":3},"items":[{"uid":"75d0c1391bbc46cb","reportUrl":"https://vapolonov.github.io/qa_guru_python_7/7//#testresult/75d0c1391bbc46cb","status":"broken","statusDetails":"selenium.common.exceptions.WebDriverException: Message: unknown error: Chrome failed to start: exited abnormally.\n  (unknown error: DevToolsActivePort file doesn't exist)\n  (The process started from chrome location /usr/bin/google-chrome is no longer running, so ChromeDriver is assuming that Chrome has crashed.)\nStacktrace:\n#0 0x55f38a43e4e3 <unknown>\n#1 0x55f38a16dc76 <unknown>\n#2 0x55f38a196d78 <unknown>\n#3 0x55f38a193029 <unknown>\n#4 0x55f38a1d1ccc <unknown>\n#5 0x55f38a1d147f <unknown>\n#6 0x55f38a1c8de3 <unknown>\n#7 0x55f38a19e2dd <unknown>\n#8 0x55f38a19f34e <unknown>\n#9 0x55f38a3fe3e4 <unknown>\n#10 0x55f38a4023d7 <unknown>\n#11 0x55f38a40cb20 <unknown>\n#12 0x55f38a403023 <unknown>\n#13 0x55f38a3d11aa <unknown>\n#14 0x55f38a4276b8 <unknown>\n#15 0x55f38a427847 <unknown>\n#16 0x55f38a437243 <unknown>\n#17 0x7f215f4c0b43 <unknown>","time":{"start":1688980174068,"stop":1688980174713,"duration":645}},{"uid":"380fb46da76d2bf8","reportUrl":"https://vapolonov.github.io/qa_guru_python_7/5//#testresult/380fb46da76d2bf8","status":"broken","statusDetails":"selenium.common.exceptions.WebDriverException: Message: unknown error: Chrome failed to start: exited abnormally.\n  (unknown error: DevToolsActivePort file doesn't exist)\n  (The process started from chrome location /usr/bin/google-chrome is no longer running, so ChromeDriver is assuming that Chrome has crashed.)\nStacktrace:\n#0 0x5565bba2d4e3 <unknown>\n#1 0x5565bb75cc76 <unknown>\n#2 0x5565bb785d78 <unknown>\n#3 0x5565bb782029 <unknown>\n#4 0x5565bb7c0ccc <unknown>\n#5 0x5565bb7c047f <unknown>\n#6 0x5565bb7b7de3 <unknown>\n#7 0x5565bb78d2dd <unknown>\n#8 0x5565bb78e34e <unknown>\n#9 0x5565bb9ed3e4 <unknown>\n#10 0x5565bb9f13d7 <unknown>\n#11 0x5565bb9fbb20 <unknown>\n#12 0x5565bb9f2023 <unknown>\n#13 0x5565bb9c01aa <unknown>\n#14 0x5565bba166b8 <unknown>\n#15 0x5565bba16847 <unknown>\n#16 0x5565bba26243 <unknown>\n#17 0x7f3ac113ab43 <unknown>","time":{"start":1688979000358,"stop":1688979001004,"duration":646}}]},"tags":[]},"source":"bca2a94cf205c615.json","parameterValues":[]}