{"uid":"4b4757e66a1912dae1a509f688f20b0f","children":[{"name":"Product defects","children":[{"name":"selene.core.exceptions.TimeoutException: Message: \n\nTimed out after 4s, while waiting for:\nbrowser.element(('link text', 'eroshenkoam/allure-example')).click\n\nReason: NoSuchElementException: Message: no such element: Unable to locate element: {\"method\":\"link text\",\"selector\":\"eroshenkoam/allure-example\"}\n  (Session info: headless chrome=114.0.5735.198); For documentation on this error, please visit: https://www.selenium.dev/documentation/webdriver/troubleshooting/errors#no-such-element-exception\nStacktrace:\n#0 0x562055d354e3 <unknown>\n#1 0x562055a64c76 <unknown>\n#2 0x562055aa0c96 <unknown>\n#3 0x562055aa0dc1 <unknown>\n#4 0x562055ada7f4 <unknown>\n#5 0x562055ac003d <unknown>\n#6 0x562055ad830e <unknown>\n#7 0x562055abfde3 <unknown>\n#8 0x562055a952dd <unknown>\n#9 0x562055a9634e <unknown>\n#10 0x562055cf53e4 <unknown>\n#11 0x562055cf93d7 <unknown>\n#12 0x562055d03b20 <unknown>\n#13 0x562055cfa023 <unknown>\n#14 0x562055cc81aa <unknown>\n#15 0x562055d1e6b8 <unknown>\n#16 0x562055d1e847 <unknown>\n#17 0x562055d2e243 <unknown>\n#18 0x7f4d6a0bab43 <unknown>\n\nScreenshot: file:///home/runner/.selene/screenshots/1688982498799/1688982498799.png\nPageSource: file:///home/runner/.selene/screenshots/1688982498799/1688982498799.html","children":[{"name":"test_github","uid":"989b70b0033b5e6c","parentUid":"3aa7038f86f7652fdbe91428836a0445","status":"failed","time":{"start":1688982500824,"stop":1688982507546,"duration":6722},"flaky":false,"newFailed":true,"newPassed":false,"newBroken":false,"retriesCount":0,"retriesStatusChange":false,"parameters":[]}],"uid":"3aa7038f86f7652fdbe91428836a0445"}],"uid":"8fb3a91ba5aaf9de24cc8a92edc82b5d"}],"name":"categories"}